#
# There is insufficient memory for the Java Runtime Environment to continue.
# Native memory allocation (mmap) failed to map 398458880 bytes. Error detail: G1 virtual space
# Possible reasons:
#   The system is out of physical RAM or swap space
#   This process is running with CompressedOops enabled, and the Java Heap may be blocking the growth of the native heap
# Possible solutions:
#   Reduce memory load on the system
#   Increase physical memory or swap space
#   Check if swap backing store is full
#   Decrease Java heap size (-Xmx/-Xms)
#   Decrease number of Java threads
#   Decrease Java thread stack sizes (-Xss)
#   Set larger code cache with -XX:ReservedCodeCacheSize=
#   JVM is running with Zero Based Compressed Oops mode in which the Java heap is
#     placed in the first 32GB address space. The Java Heap base address is the
#     maximum limit for the native heap growth. Please use -XX:HeapBaseMinAddress
#     to set the Java Heap base and to place the Java Heap above 32GB virtual address.
# This output file may be truncated or incomplete.
#
#  Out of Memory Error (os_windows.cpp:3554), pid=37220, tid=26264
#
# JRE version:  (25.0.2+10) (build )
# Java VM: Java HotSpot(TM) 64-Bit Server VM (25.0.2+10-LTS-69, mixed mode, sharing, tiered, compressed oops, compressed class ptrs, g1 gc, windows-amd64)
# No core dump will be written. Minidumps are not enabled by default on client versions of Windows
#

---------------  S U M M A R Y ------------

Command Line: -Dmaven.multiModuleProjectDirectory=E:\Dowload\Nghien_Cuu_Khoa_Hoc_2025_2026-main\backend org.apache.maven.wrapper.MavenWrapperMain compile

Host: 13th Gen Intel(R) Core(TM) i7-13650HX, 20 cores, 23G,  Windows 11 , 64 bit Build 26100 (10.0.26100.7920)
Time: Sun Mar 22 08:00:46 2026 SE Asia Standard Time elapsed time: 0.010404 seconds (0d 0h 0m 0s)

---------------  T H R E A D  ---------------

Current thread (0x0000024dd6f84610):  JavaThread "Unknown thread" [_thread_in_vm, id=26264, stack(0x00000050bf500000,0x00000050bf600000) (1024K)]

Stack: [0x00000050bf500000,0x00000050bf600000]
Native frames: (J=compiled Java code, j=interpreted, Vv=VM code, C=native code)
V  [jvm.dll+0x7a70f9]  (no source info available)
V  [jvm.dll+0x772d6d]  (no source info available)
V  [jvm.dll+0x965d53]  (no source info available)
V  [jvm.dll+0x968351]  (no source info available)
V  [jvm.dll+0x968a63]  (no source info available)
V  [jvm.dll+0x2fc846]  (no source info available)
V  [jvm.dll+0x7a3325]  (no source info available)
V  [jvm.dll+0x796737]  (no source info available)
V  [jvm.dll+0x3f4988]  (no source info available)
V  [jvm.dll+0x3fc8d6]  (no source info available)
V  [jvm.dll+0x3e8f7e]  (no source info available)
V  [jvm.dll+0x3e9238]  (no source info available)
V  [jvm.dll+0x3c0145]  (no source info available)
V  [jvm.dll+0x3c0dce]  (no source info available)
V  [jvm.dll+0x92cdf7]  (no source info available)
V  [jvm.dll+0x458f02]  (no source info available)
V  [jvm.dll+0x9107a2]  (no source info available)
V  [jvm.dll+0x4f9331]  (no source info available)
V  [jvm.dll+0x4fabc1]  (no source info available)
C  [jli.dll+0x543e]  (no source info available)
C  [ucrtbase.dll+0x37b0]  (no source info available)
C  [KERNEL32.DLL+0x2e8d7]  (no source info available)
C  [ntdll.dll+0x8c48c]  (no source info available)

Lock stack of current Java thread (top to bottom):


---------------  P R O C E S S  ---------------

Threads class SMR info:
_java_thread_list=0x00007ff8828a5388, length=0, elements={
}

Java Threads: ( => current thread )
Total: 0

Other Threads:
  0x0000024dd94754c0 WorkerThread "GC Thread#0"                     [id=25888, stack(0x00000050bf600000,0x00000050bf700000) (1024K)]
  0x0000024dd9489240 ConcurrentGCThread "G1 Main Marker"            [id=17928, stack(0x00000050bf700000,0x00000050bf800000) (1024K)]
  0x0000024dd948ab50 WorkerThread "G1 Conc#0"                       [id=30156, stack(0x00000050bf800000,0x00000050bf900000) (1024K)]

[error occurred during error reporting (printing all threads), id 0xc0000005, EXCEPTION_ACCESS_VIOLATION (0xc0000005) at pc=0x00007ff881f84f1a]
VM state: not at safepoint (not fully initialized)

VM Mutex/Monitor currently owned by a thread:  ([mutex/lock_event])
[0x00007ff882929768] Heap_lock - owner thread: 0x0000024dd6f84610

Heap address: 0x0000000684800000, size: 6072 MB, Compressed Oops mode: Zero based, Oop shift amount: 3

CDS archive(s) mapped at: [0x0000000000000000-0x0000000000000000-0x0000000000000000), size 0, SharedBaseAddress: 0x0000000800000000, ArchiveRelocationMode: 1.
UseCompressedClassPointers 1, UseCompactObjectHeaders 0
Narrow klass pointer bits 32, Max shift 3
Narrow klass base: 0xffffffffffffffff, Narrow klass shift: -1
Encoding Range: [0xffffffffffffffff - 0x000000007fffffff), (2147483648 bytes)
Klass Range:    [0x0000000000000000 - 0x0000000000000000), (0 bytes)
Klass ID Range:  [4294967295 - 0) (1)
No protection zone.

GC Precious Log:
 CardTable entry size: 512
 Card Set container configuration: InlinePtr #cards 4 size 8 Array Of Cards #cards 32 size 80 Howl #buckets 8 coarsen threshold 7372 Howl Bitmap #cards 1024 size 144 coarsen threshold 921 Card regions per heap region 1 cards per card region 8192

Heap:
 garbage-first heap   total reserved 6217728K, committed 0K, used 0K [0x0000000684800000, 0x0000000800000000)
  region size 4096K, 0 young (0K), 0 survivors (0K)

Heap Regions: E=young(eden), S=young(survivor), O=old, HS=humongous(starts), HC=humongous(continues), CS=collection set, F=free, TAMS=top-at-mark-start, PB=parsable bottom

Card table byte_map: [0x0000024df2320000,0x0000024df2f00000] _byte_map_base: 0x0000024deeefc000

Marking Bits: (CMBitMap*) 0x0000024dd9476c60
 Bits: [0x0000024df2f00000, 0x0000024df8de0000)

GC Heap Usage History (0 events):
No events

Metaspace Usage History (0 events):
No events

Dll operation events (1 events):
Event: 0.007 Loaded shared library C:\Program Files\Java\jdk-25.0.2\bin\java.dll

Deoptimization events (0 events):
No events

Classes loaded (0 events):
No events

Classes unloaded (0 events):
No events

Classes redefined (0 events):
No events

Internal exceptions (0 events):
No events

VM Operations (0 events):
No events

Memory protections (0 events):
No events

Nmethod flushes (0 events):
No events

Events (0 events):
No events


Dynamic libraries:
0x00007ff7a0270000 - 0x00007ff7a0280000 	C:\Program Files\Java\jdk-25.0.2\bin\java.exe
0x00007ff9a9760000 - 0x00007ff9a99c7000 	C:\Windows\SYSTEM32\ntdll.dll
0x00007ff9a8050000 - 0x00007ff9a8119000 	C:\Windows\System32\KERNEL32.DLL
0x00007ff9a6a50000 - 0x00007ff9a6e41000 	C:\Windows\System32\KERNELBASE.dll
0x00007ff9a6e50000 - 0x00007ff9a6f9b000 	C:\Windows\System32\ucrtbase.dll
0x00007ff96ce40000 - 0x00007ff96ce5e000 	C:\Program Files\Java\jdk-25.0.2\bin\VCRUNTIME140.dll
0x00007ff966990000 - 0x00007ff9669a7000 	C:\Program Files\Java\jdk-25.0.2\bin\jli.dll
0x00007ff9a8210000 - 0x00007ff9a83d5000 	C:\Windows\System32\USER32.dll
0x00007ff9a68b0000 - 0x00007ff9a68d7000 	C:\Windows\System32\win32u.dll
0x00007ff97f040000 - 0x00007ff97f2d3000 	C:\Windows\WinSxS\amd64_microsoft.windows.common-controls_6595b64144ccf1df_6.0.26100.8037_none_3e092faae333b53b\COMCTL32.dll
0x00007ff9a7b00000 - 0x00007ff9a7b2b000 	C:\Windows\System32\GDI32.dll
0x00007ff9a7910000 - 0x00007ff9a79b9000 	C:\Windows\System32\msvcrt.dll
0x00007ff9a7260000 - 0x00007ff9a738b000 	C:\Windows\System32\gdi32full.dll
0x00007ff9a71b0000 - 0x00007ff9a7253000 	C:\Windows\System32\msvcp_win.dll
0x00007ff9a9060000 - 0x00007ff9a9091000 	C:\Windows\System32\IMM32.DLL
0x00007ff988cf0000 - 0x00007ff988cfc000 	C:\Program Files\Java\jdk-25.0.2\bin\vcruntime140_1.dll
0x00007ff924040000 - 0x00007ff9240cd000 	C:\Program Files\Java\jdk-25.0.2\bin\msvcp140.dll
0x00007ff881bb0000 - 0x00007ff882a0f000 	C:\Program Files\Java\jdk-25.0.2\bin\server\jvm.dll
0x00007ff9a7700000 - 0x00007ff9a77bb000 	C:\Windows\System32\ADVAPI32.dll
0x00007ff9a7ba0000 - 0x00007ff9a7c47000 	C:\Windows\System32\sechost.dll
0x00007ff9a79c0000 - 0x00007ff9a7ad8000 	C:\Windows\System32\RPCRT4.dll
0x00007ff9a77d0000 - 0x00007ff9a7844000 	C:\Windows\System32\WS2_32.dll
0x00007ff9a4c00000 - 0x00007ff9a4c5e000 	C:\Windows\SYSTEM32\POWRPROF.dll
0x00007ff99c3b0000 - 0x00007ff99c3bb000 	C:\Windows\SYSTEM32\VERSION.dll
0x00007ff9a3250000 - 0x00007ff9a3285000 	C:\Windows\SYSTEM32\WINMM.dll
0x00007ff9a4be0000 - 0x00007ff9a4bf4000 	C:\Windows\SYSTEM32\UMPDC.dll
0x00007ff9a4eb0000 - 0x00007ff9a4ecb000 	C:\Windows\SYSTEM32\kernel.appcore.dll
0x00007ff988ca0000 - 0x00007ff988caa000 	C:\Program Files\Java\jdk-25.0.2\bin\jimage.dll
0x00007ff9a3f00000 - 0x00007ff9a4142000 	C:\Windows\SYSTEM32\DBGHELP.DLL
0x00007ff9a9390000 - 0x00007ff9a9712000 	C:\Windows\System32\combase.dll
0x00007ff9a7db0000 - 0x00007ff9a7e87000 	C:\Windows\System32\OLEAUT32.dll
0x00007ff98b790000 - 0x00007ff98b7cb000 	C:\Windows\SYSTEM32\dbgcore.DLL
0x00007ff9a69a0000 - 0x00007ff9a6a45000 	C:\Windows\System32\bcryptPrimitives.dll
0x00007ff952c60000 - 0x00007ff952c7f000 	C:\Program Files\Java\jdk-25.0.2\bin\java.dll
0x00007ff9a91f0000 - 0x00007ff9a9385000 	C:\Windows\System32\ole32.dll
0x00007ff9a88f0000 - 0x00007ff9a904f000 	C:\Windows\System32\SHELL32.dll
0x00007ff9a7390000 - 0x00007ff9a74fa000 	C:\Windows\System32\wintypes.dll

JVMTI agents: none

dbghelp: loaded successfully - version: 4.0.5 - missing functions: none
symbol engine: initialized successfully - sym options: 0x614 - pdb path: .;C:\Program Files\Java\jdk-25.0.2\bin;C:\Windows\SYSTEM32;C:\Windows\WinSxS\amd64_microsoft.windows.common-controls_6595b64144ccf1df_6.0.26100.8037_none_3e092faae333b53b;C:\Program Files\Java\jdk-25.0.2\bin\server

VM Arguments:
jvm_args: -Dmaven.multiModuleProjectDirectory=E:\Dowload\Nghien_Cuu_Khoa_Hoc_2025_2026-main\backend 
java_command: org.apache.maven.wrapper.MavenWrapperMain compile
java_class_path (initial): E:\Dowload\Nghien_Cuu_Khoa_Hoc_2025_2026-main\backend\.mvn\wrapper\maven-wrapper.jar
Launcher Type: SUN_STANDARD

[Global flags]
     intx CICompilerCount                          = 12                                        {product} {ergonomic}
     uint ConcGCThreads                            = 4                                         {product} {ergonomic}
     uint G1ConcRefinementThreads                  = 15                                        {product} {ergonomic}
   size_t G1HeapRegionSize                         = 4194304                                   {product} {ergonomic}
   size_t InitialHeapSize                          = 398458880                                 {product} {ergonomic}
   size_t MarkStackSize                            = 4194304                                   {product} {ergonomic}
   size_t MarkStackSizeMax                         = 536870912                                 {product} {ergonomic}
   size_t MaxHeapSize                              = 6366953472                                {product} {ergonomic}
   size_t MinHeapDeltaBytes                        = 4194304                                   {product} {ergonomic}
   size_t MinHeapSize                              = 8388608                                   {product} {ergonomic}
    uintx NonNMethodCodeHeapSize                   = 7602176                                {pd product} {ergonomic}
    uintx NonProfiledCodeHeapSize                  = 122093568                              {pd product} {ergonomic}
    uintx ProfiledCodeHeapSize                     = 121962496                              {pd product} {ergonomic}
    uintx ReservedCodeCacheSize                    = 251658240                              {pd product} {ergonomic}
     bool SegmentedCodeCache                       = true                                      {product} {ergonomic}
   size_t SoftMaxHeapSize                          = 6366953472                             {manageable} {ergonomic}
     bool UseCompressedOops                        = true                           {product lp64_product} {ergonomic}
     bool UseG1GC                                  = true                                      {product} {ergonomic}
     bool UseLargePagesIndividualAllocation        = false                                  {pd product} {ergonomic}

Logging:
Log output configuration:
 #0: stdout all=warning uptime,level,tags foldmultilines=false
 #1: stderr all=off uptime,level,tags foldmultilines=false

Release file:
<release file has not been read>
Environment Variables:
JAVA_HOME=C:\Program Files\Java\jdk-25.0.2
PATH=C:\Program Files\Common Files\Oracle\Java\javapath;C:\Program Files (x86)\Common Files\Oracle\Java\javapath;C:\Windows\system32;C:\Windows;C:\Windows\System32\Wbem;C:\Windows\System32\WindowsPowerShell\v1.0\;C:\Windows\System32\OpenSSH\;C:\Program Files (x86)\NVIDIA Corporation\PhysX\Common;C:\Program Files\NVIDIA Corporation\NVIDIA App\NvDLISR;C:\Program Files (x86)\Microsoft SQL Server\170\Tools\Binn\;C:\Program Files\Microsoft SQL Server\170\Tools\Binn\;C:\Program Files\Microsoft SQL Server\Client SDK\ODBC\180\Tools\Binn\;C:\Program Files\Microsoft SQL Server\170\DTS\Binn\;D:\;D:\Git\cmd;C:\Users\ADMIN\AppData\Local\Microsoft\WindowsApps;C:\Users\ADMIN\AppData\Local\Programs\Microsoft VS Code\bin;E:\IntelliJ IDEA 2025.3.2\bin;D:\Antigravity\bin;C:\Users\ADMIN\AppData\Roaming\npm
USERNAME=ADMIN
OS=Windows_NT
PROCESSOR_IDENTIFIER=Intel64 Family 6 Model 183 Stepping 1, GenuineIntel
TMP=C:\Users\ADMIN\AppData\Local\Temp
TEMP=C:\Users\ADMIN\AppData\Local\Temp




Compilation memory statistics disabled.

Periodic native trim disabled

---------------  S Y S T E M  ---------------

OS:
 Windows 11 , 64 bit Build 26100 (10.0.26100.7920)
OS uptime: 5 days 2:10 hours
Hyper-V role detected

CPU: total 20 (initial active 20) (10 cores per cpu, 2 threads per core) family 6 model 183 stepping 1 microcode 0x127, cx8, cmov, fxsr, ht, mmx, 3dnowpref, sse, sse2, sse3, ssse3, sse4.1, sse4.2, popcnt, lzcnt, tsc, tscinvbit, avx, avx2, aes, erms, clmul, bmi1, bmi2, adx, sha, fma, vzeroupper, clflush, clflushopt, clwb, hv, serialize, rdtscp, rdpid, fsrm, gfni, f16c, cet_ibt, cet_ss
Processor Information for processor 0
  Max Mhz: 2600, Current Mhz: 2600, Mhz Limit: 2600
Processor Information for processor 1
  Max Mhz: 2600, Current Mhz: 2600, Mhz Limit: 2600
Processor Information for processor 2
  Max Mhz: 2600, Current Mhz: 2600, Mhz Limit: 2600
Processor Information for processor 3
  Max Mhz: 2600, Current Mhz: 2600, Mhz Limit: 2600
Processor Information for processor 4
  Max Mhz: 2600, Current Mhz: 2600, Mhz Limit: 2600
Processor Information for processor 5
  Max Mhz: 2600, Current Mhz: 2600, Mhz Limit: 2600
Processor Information for processor 6
  Max Mhz: 2600, Current Mhz: 2600, Mhz Limit: 2600
Processor Information for processor 7
  Max Mhz: 2600, Current Mhz: 2600, Mhz Limit: 2600
Processor Information for processor 8
  Max Mhz: 2600, Current Mhz: 2600, Mhz Limit: 2600
Processor Information for processor 9
  Max Mhz: 2600, Current Mhz: 2600, Mhz Limit: 2600
Processor Information for processor 10
  Max Mhz: 2600, Current Mhz: 2600, Mhz Limit: 2600
Processor Information for processor 11
  Max Mhz: 2600, Current Mhz: 1496, Mhz Limit: 2600
Processor Information for processor 12
  Max Mhz: 2600, Current Mhz: 2600, Mhz Limit: 2600
Processor Information for processor 13
  Max Mhz: 2600, Current Mhz: 1505, Mhz Limit: 2600
Processor Information for processor 14
  Max Mhz: 2600, Current Mhz: 1505, Mhz Limit: 2600
Processor Information for processor 15
  Max Mhz: 2600, Current Mhz: 1505, Mhz Limit: 2600
Processor Information for processor 16
  Max Mhz: 2600, Current Mhz: 1505, Mhz Limit: 2600
Processor Information for processor 17
  Max Mhz: 2600, Current Mhz: 1505, Mhz Limit: 2600
Processor Information for processor 18
  Max Mhz: 2600, Current Mhz: 2600, Mhz Limit: 2600
Processor Information for processor 19
  Max Mhz: 2600, Current Mhz: 1505, Mhz Limit: 2600

Memory: 4k page, system-wide physical 24283M (5145M free)
TotalPageFile size 30328M (AvailPageFile size 375M)
current process WorkingSet (physical memory assigned to process): 14M, peak: 14M
current process commit charge ("private bytes"): 75M, peak: 455M

vm_info: Java HotSpot(TM) 64-Bit Server VM (25.0.2+10-LTS-69) for windows-amd64 JRE (25.0.2+10-LTS-69), built on 2025-12-18T11:36:35Z with MS VC++ 17.13 (VS2022)

END.
